Arguments: 
  D:\node\node.exe C:\Users\LIJIATU\AppData\Roaming\npm\node_modules\yarn\bin\yarn.js add vite-D

PATH: 
  C:\Program Files (x86)\Common Files\Oracle\Java\javapath;C:\Windows\system32;C:\Windows;C:\Windows\System32\Wbem;C:\Windows\System32\WindowsPowerShell\v1.0\;C:\Windows\System32\OpenSSH\;C:\Program Files (x86)\NVIDIA Corporation\PhysX\Common;C:\Program Files\NVIDIA Corporation\NVIDIA NvDLISR;C:\WINDOWS\system32;C:\WINDOWS;C:\WINDOWS\System32\Wbem;C:\WINDOWS\System32\WindowsPowerShell\v1.0\;C:\WINDOWS\System32\OpenSSH\;C:\Program Files (x86)\Microsoft SQL Server\150\DTS\Binn\;C:\Program Files\Azure Data Studio\bin;C:\Program Files\Microsoft SQL Server\Client SDK\ODBC\130\Tools\Binn\;C:\Program Files (x86)\Microsoft SQL Server\140\Tools\Binn\;C:\Program Files\Microsoft SQL Server\140\Tools\Binn\;C:\Program Files\Microsoft SQL Server\140\DTS\Binn\;‪D:\maven\apache-maven-3.3.9\bin;C:\Program Files (x86)\ZeroTier\One\;D:\software\Tesseract-OCR;D:\software\apache-maven-3.8.6\bin;C:\Program Files\Google\Chrome\Application;C:\Program Files\VisualSVN Server\bin;D:\node\;C:\Program Files\Docker\Docker\resources\bin;E:\Git\cmd;F:\xshell\;F:\;D:\MySQL\MySQL Server 8.0\bin;C:\Users\LIJIATU\AppData\Local\Microsoft\WindowsApps;C:\Program Files\Azure Data Studio\bin;D:\PyCharm Community Edition 2021.3.2\bin;;D:\Microsoft VS Code\bin;C:\Program Files (x86)\Microsoft Visual Studio 10.0\Common7\Tools;C:\Program Files (x86)\Microsoft Visual Studio 10.0\Common7\IDE;C:\Users\LIJIATU\AppData\Roaming\npm;"D:\node;D:\node\node_global";

Yarn version: 
  1.22.19

Node version: 
  16.18.1

Platform: 
  win32 x64

Trace: 
  Error: https://registry.npmmirror.com/vite-D: Not found
      at Request.params.callback [as _callback] (C:\Users\LIJIATU\AppData\Roaming\npm\node_modules\yarn\lib\cli.js:66145:18)
      at Request.self.callback (C:\Users\LIJIATU\AppData\Roaming\npm\node_modules\yarn\lib\cli.js:140890:22)
      at Request.emit (node:events:513:28)
      at Request.<anonymous> (C:\Users\LIJIATU\AppData\Roaming\npm\node_modules\yarn\lib\cli.js:141862:10)
      at Request.emit (node:events:513:28)
      at IncomingMessage.<anonymous> (C:\Users\LIJIATU\AppData\Roaming\npm\node_modules\yarn\lib\cli.js:141784:12)
      at Object.onceWrapper (node:events:627:28)
      at IncomingMessage.emit (node:events:525:35)
      at endReadableNT (node:internal/streams/readable:1358:12)
      at processTicksAndRejections (node:internal/process/task_queues:83:21)

npm manifest: 
  {
    "name": "chat",
    "version": "1.0.0",
    "main": "index.js",
    "license": "MIT"
  }

yarn manifest: 
  No manifest

Lockfile: 
  No lockfile
